# JRE version: OpenJDK Runtime Environment (11.0.28+6) (build 11.0.28+6-post-Ubuntu-1ubuntu124.04.1)
# Java VM: OpenJDK 64-Bit Server VM (11.0.28+6-post-Ubuntu-1ubuntu124.04.1, mixed mode, sharing, tiered, compressed oops, g1 gc, linux-amd64)
Heap:
 garbage-first heap   total 258048K, used 32699K [0x0000000706000000, 0x0000000800000000)
  region size 1024K, 6 young (6144K), 4 survivors (4096K)
 Metaspace       used 16744K, capacity 17261K, committed 17536K, reserved 1064960K
  class space    used 1920K, capacity 2156K, committed 2176K, reserved 1048576K
GC Heap History (14 events):
Event: 0.590 GC heap before
{Heap before GC invocations=0 (full 0):
 garbage-first heap   total 258048K, used 14032K [0x0000000706000000, 0x0000000800000000)
  region size 1024K, 14 young (14336K), 0 survivors (0K)
 Metaspace       used 7697K, capacity 7934K, committed 8192K, reserved 1056768K
  class space    used 871K, capacity 965K, committed 1024K, reserved 1048576K
}
Event: 0.596 GC heap after
{Heap after GC invocations=1 (full 0):
 garbage-first heap   total 258048K, used 4462K [0x0000000706000000, 0x0000000800000000)
  region size 1024K, 2 young (2048K), 2 survivors (2048K)
 Metaspace       used 7697K, capacity 7934K, committed 8192K, reserved 1056768K
  class space    used 871K, capacity 965K, committed 1024K, reserved 1048576K
}
Event: 1.780 GC heap before
{Heap before GC invocations=1 (full 0):
 garbage-first heap   total 258048K, used 21870K [0x0000000706000000, 0x0000000800000000)
  region size 1024K, 12 young (12288K), 2 survivors (2048K)
 Metaspace       used 8745K, capacity 9077K, committed 9344K, reserved 1056768K
  class space    used 979K, capacity 1130K, committed 1152K, reserved 1048576K
}
Event: 1.785 GC heap after
{Heap after GC invocations=2 (full 0):
 garbage-first heap   total 258048K, used 5356K [0x0000000706000000, 0x0000000800000000)
  region size 1024K, 1 young (1024K), 1 survivors (1024K)
 Metaspace       used 8745K, capacity 9077K, committed 9344K, reserved 1056768K
  class space    used 979K, capacity 1130K, committed 1152K, reserved 1048576K
}
Event: 2.975 GC heap before
{Heap before GC invocations=2 (full 0):
 garbage-first heap   total 258048K, used 20716K [0x0000000706000000, 0x0000000800000000)
  region size 1024K, 17 young (17408K), 1 survivors (1024K)
 Metaspace       used 8951K, capacity 9269K, committed 9344K, reserved 1056768K
  class space    used 981K, capacity 1130K, committed 1152K, reserved 1048576K
}
Event: 2.976 GC heap after
{Heap after GC invocations=3 (full 0):
 garbage-first heap   total 258048K, used 5338K [0x0000000706000000, 0x0000000800000000)
  region size 1024K, 1 young (1024K), 1 survivors (1024K)
 Metaspace       used 8951K, capacity 9269K, committed 9344K, reserved 1056768K
  class space    used 981K, capacity 1130K, committed 1152K, reserved 1048576K
}
Event: 3.644 GC heap before
{Heap before GC invocations=3 (full 0):
 garbage-first heap   total 258048K, used 29914K [0x0000000706000000, 0x0000000800000000)
  region size 1024K, 26 young (26624K), 1 survivors (1024K)
 Metaspace       used 8953K, capacity 9269K, committed 9344K, reserved 1056768K
  class space    used 981K, capacity 1130K, committed 1152K, reserved 1048576K
}
Event: 3.646 GC heap after
{Heap after GC invocations=4 (full 0):
 garbage-first heap   total 258048K, used 5213K [0x0000000706000000, 0x0000000800000000)
  region size 1024K, 1 young (1024K), 1 survivors (1024K)
 Metaspace       used 8953K, capacity 9269K, committed 9344K, reserved 1056768K
  class space    used 981K, capacity 1130K, committed 1152K, reserved 1048576K
}
Event: 9.706 GC heap before
{Heap before GC invocations=4 (full 0):
 garbage-first heap   total 258048K, used 120925K [0x0000000706000000, 0x0000000800000000)
  region size 1024K, 42 young (43008K), 1 survivors (1024K)
 Metaspace       used 10208K, capacity 10711K, committed 10880K, reserved 1058816K
  class space    used 1109K, capacity 1314K, committed 1408K, reserved 1048576K
}
Event: 9.711 GC heap after
{Heap after GC invocations=5 (full 0):
 garbage-first heap   total 258048K, used 25109K [0x0000000706000000, 0x0000000800000000)
  region size 1024K, 6 young (6144K), 6 survivors (6144K)
 Metaspace       used 10208K, capacity 10711K, committed 10880K, reserved 1058816K
  class space    used 1109K, capacity 1314K, committed 1408K, reserved 1048576K
}
Event: 10.196 GC heap before
{Heap before GC invocations=5 (full 0):
 garbage-first heap   total 258048K, used 84501K [0x0000000706000000, 0x0000000800000000)
  region size 1024K, 59 young (60416K), 6 survivors (6144K)
 Metaspace       used 10283K, capacity 10711K, committed 10880K, reserved 1058816K
  class space    used 1109K, capacity 1314K, committed 1408K, reserved 1048576K
}
Event: 10.198 GC heap after
{Heap after GC invocations=6 (full 0):
 garbage-first heap   total 258048K, used 25281K [0x0000000706000000, 0x0000000800000000)
  region size 1024K, 1 young (1024K), 1 survivors (1024K)
 Metaspace       used 10283K, capacity 10711K, committed 10880K, reserved 1058816K
  class space    used 1109K, capacity 1314K, committed 1408K, reserved 1048576K
}
Event: 11.561 GC heap before
{Heap before GC invocations=6 (full 0):
 garbage-first heap   total 258048K, used 105153K [0x0000000706000000, 0x0000000800000000)
  region size 1024K, 70 young (71680K), 1 survivors (1024K)
 Metaspace       used 16246K, capacity 16770K, committed 17024K, reserved 1064960K
  class space    used 1861K, capacity 2075K, committed 2176K, reserved 1048576K
}
Event: 11.564 GC heap after
{Heap after GC invocations=7 (full 0):
 garbage-first heap   total 258048K, used 31675K [0x0000000706000000, 0x0000000800000000)
  region size 1024K, 4 young (4096K), 4 survivors (4096K)
 Metaspace       used 16246K, capacity 16770K, committed 17024K, reserved 1064960K
  class space    used 1861K, capacity 2075K, committed 2176K, reserved 1048576K
}

